<?xml version="1.0" encoding="UTF-8" ?>
<testsuite tests="3" failures="1" name="com.wenance.challenge.BitcoinTest" time="0.892" errors="0" skipped="0">
  <properties>
[...]
</properties>
  <testcase classname="com.wenance.challenge.BitcoinTest" name="consultarValorBitcoinEnCiertoTimestampTest" time="0.809"/>
  <testcase classname="com.wenance.challenge.BitcoinTest" name="consultarValoresBitcoinAlmacenadosTest" time="0.036">
    <failure message="No value at JSON path &quot;$.length()&quot;" type="java.lang.AssertionError">java.lang.AssertionError: No value at JSON path &quot;$.length()&quot;
	at org.springframework.test.util.JsonPathExpectationsHelper.evaluateJsonPath(JsonPathExpectationsHelper.java:295)
	at org.springframework.test.util.JsonPathExpectationsHelper.assertValue(JsonPathExpectationsHelper.java:98)
	at org.springframework.test.web.servlet.result.JsonPathResultMatchers.lambda$value$2(JsonPathResultMatchers.java:111)
	at org.springframework.test.web.servlet.MockMvc$1.andExpect(MockMvc.java:196)
	at com.wenance.challenge.BitcoinTest.consultarValoresBitcoinAlmacenadosTest(BitcoinTest.java:98)
	at sun.reflect.NativeMethodAccessorImpl.invoke0(Native Method)
	at sun.reflect.NativeMethodAccessorImpl.invoke(NativeMethodAccessorImpl.java:62)
	at sun.reflect.DelegatingMethodAccessorImpl.invoke(DelegatingMethodAccessorImpl.java:43)
	at java.lang.reflect.Method.invoke(Method.java:498)
	at org.junit.runners.model.FrameworkMethod$1.runReflectiveCall(FrameworkMethod.java:50)
	at org.junit.internal.runners.model.ReflectiveCallable.run(ReflectiveCallable.java:12)
	at org.junit.runners.model.FrameworkMethod.invokeExplosively(FrameworkMethod.java:47)
	at org.junit.internal.runners.statements.InvokeMethod.evaluate(InvokeMethod.java:17)
	at org.springframework.test.context.junit4.statements.RunBeforeTestExecutionCallbacks.evaluate(RunBeforeTestExecutionCallbacks.java:74)
	at org.springframework.test.context.junit4.statements.RunAfterTestExecutionCallbacks.evaluate(RunAfterTestExecutionCallbacks.java:84)
	at org.junit.internal.runners.statements.RunBefores.evaluate(RunBefores.java:26)
	at org.springframework.test.context.junit4.statements.RunBeforeTestMethodCallbacks.evaluate(RunBeforeTestMethodCallbacks.java:75)
	at org.springframework.test.context.junit4.statements.RunAfterTestMethodCallbacks.evaluate(RunAfterTestMethodCallbacks.java:86)
	at org.springframework.test.context.junit4.statements.SpringRepeat.evaluate(SpringRepeat.java:84)
	at org.junit.runners.ParentRunner.runLeaf(ParentRunner.java:325)
	at org.springframework.test.context.junit4.SpringJUnit4ClassRunner.runChild(SpringJUnit4ClassRunner.java:251)
	at org.springframework.test.context.junit4.SpringJUnit4ClassRunner.runChild(SpringJUnit4ClassRunner.java:97)
	at org.junit.runners.ParentRunner$3.run(ParentRunner.java:290)
	at org.junit.runners.ParentRunner$1.schedule(ParentRunner.java:71)
	at org.junit.runners.ParentRunner.runChildren(ParentRunner.java:288)
	at org.junit.runners.ParentRunner.access$000(ParentRunner.java:58)
	at org.junit.runners.ParentRunner$2.evaluate(ParentRunner.java:268)
	at org.springframework.test.context.junit4.statements.RunBeforeTestClassCallbacks.evaluate(RunBeforeTestClassCallbacks.java:61)
	at org.springframework.test.context.junit4.statements.RunAfterTestClassCallbacks.evaluate(RunAfterTestClassCallbacks.java:70)
	at org.junit.runners.ParentRunner.run(ParentRunner.java:363)
	at org.springframework.test.context.junit4.SpringJUnit4ClassRunner.run(SpringJUnit4ClassRunner.java:190)
	at org.apache.maven.surefire.junit4.JUnit4Provider.execute(JUnit4Provider.java:252)
	at org.apache.maven.surefire.junit4.JUnit4Provider.executeTestSet(JUnit4Provider.java:141)
	at org.apache.maven.surefire.junit4.JUnit4Provider.invoke(JUnit4Provider.java:112)
	at sun.reflect.NativeMethodAccessorImpl.invoke0(Native Method)
	at sun.reflect.NativeMethodAccessorImpl.invoke(NativeMethodAccessorImpl.java:62)
	at sun.reflect.DelegatingMethodAccessorImpl.invoke(DelegatingMethodAccessorImpl.java:43)
	at java.lang.reflect.Method.invoke(Method.java:498)
	at org.apache.maven.surefire.util.ReflectionUtils.invokeMethodWithArray(ReflectionUtils.java:189)
	at org.apache.maven.surefire.booter.ProviderFactory$ProviderProxy.invoke(ProviderFactory.java:165)
	at org.apache.maven.surefire.booter.ProviderFactory.invokeProvider(ProviderFactory.java:85)
	at org.apache.maven.surefire.booter.ForkedBooter.runSuitesInProcess(ForkedBooter.java:115)
	at org.apache.maven.surefire.booter.ForkedBooter.main(ForkedBooter.java:75)
Caused by: java.lang.IllegalArgumentException: json can not be null or empty
	at com.jayway.jsonpath.internal.Utils.notEmpty(Utils.java:386)
	at com.jayway.jsonpath.JsonPath.read(JsonPath.java:342)
	at com.jayway.jsonpath.JsonPath.read(JsonPath.java:329)
	at org.springframework.test.util.JsonPathExpectationsHelper.evaluateJsonPath(JsonPathExpectationsHelper.java:292)
	... 42 more
</failure>
    <system-out>2021-02-16 15:38:28,241 - INFO  o.s.b.t.m.w.SpringBootMockServletContext - Initializing Spring TestDispatcherServlet &apos;&apos;
2021-02-16 15:38:28,241 - INFO  o.s.t.w.s.TestDispatcherServlet - Initializing Servlet &apos;&apos;
2021-02-16 15:38:28,246 - INFO  o.s.t.w.s.TestDispatcherServlet - Completed initialization in 5 ms
2021-02-16 15:38:28,248 - DEBUG o.s.w.s.m.m.a.RequestMappingHandlerMapping - Mapped to com.wenance.challenge.controller.BitcoinController#consultarValoresBitcoin(Date, Date, Integer, Integer)
2021-02-16 15:38:28,250 - DEBUG o.s.w.s.m.m.a.ServletInvocableHandlerMethod - Could not resolve parameter [3] in public org.springframework.http.ResponseEntity&lt;java.util.List&lt;com.wenance.challenge.dto.BitcoinDTO&gt;&gt; com.wenance.challenge.controller.BitcoinController.consultarValoresBitcoin(java.util.Date,java.util.Date,java.lang.Integer,java.lang.Integer): Required Integer parameter &apos;resultadosPorPagina&apos; is not present
2021-02-16 15:38:28,256 - WARN  o.s.w.s.m.s.DefaultHandlerExceptionResolver - Resolved [org.springframework.web.bind.MissingServletRequestParameterException: Required Integer parameter &apos;resultadosPorPagina&apos; is not present]

MockHttpServletRequest:
      HTTP Method = GET
      Request URI = /bitcoins/consultarValoresBitcoinAlmacenados
       Parameters = {numeroPagina=[0], limiteResultados=[3]}
          Headers = [Content-Type:&quot;application/json&quot;, Accept:&quot;application/json&quot;]
             Body = &lt;no character encoding set&gt;
    Session Attrs = {}

Handler:
             Type = com.wenance.challenge.controller.BitcoinController
           Method = com.wenance.challenge.controller.BitcoinController#consultarValoresBitcoin(Date, Date, Integer, Integer)

Async:
    Async started = false
     Async result = null

Resolved Exception:
             Type = org.springframework.web.bind.MissingServletRequestParameterException

ModelAndView:
        View name = null
             View = null
            Model = null

FlashMap:
       Attributes = null

MockHttpServletResponse:
           Status = 400
    Error message = Required Integer parameter &apos;resultadosPorPagina&apos; is not present
          Headers = []
     Content type = null
             Body = 
    Forwarded URL = null
   Redirected URL = null
          Cookies = []
</system-out>
  </testcase>
  <testcase classname="com.wenance.challenge.BitcoinTest" name="consultarValorPromedioYDiferenciaPorcentualTest" time="0.047"/>
</testsuite>